<?xml version="1.0" encoding="UTF-8"?>
<!-- Generated by org.testng.reporters.JUnitXMLReporter -->
<testsuite ignored="0" hostname="LAPTOP-ELJK2S9L" failures="0" tests="1" name="test" time="8.162" errors="0" timestamp="2025-04-03T21:28:34 IST">
  <testcase classname="testBase.BaseClass" name="@BeforeClass setup" time="8.066">
    <failure type="java.io.FileNotFoundException" message=".\src\test\resources (Access is denied)">
      <![CDATA[java.io.FileNotFoundException: .\src\test\resources (Access is denied)
at java.base/java.io.FileInputStream.open0(Native Method)
at java.base/java.io.FileInputStream.open(FileInputStream.java:213)
at java.base/java.io.FileInputStream.<init>(FileInputStream.java:152)
at java.base/java.io.FileInputStream.<init>(FileInputStream.java:106)
at java.base/java.io.FileReader.<init>(FileReader.java:60)
at testBase.BaseClass.setup(BaseClass.java:43)
at java.base/java.util.ArrayList.forEach(ArrayList.java:1596)
... Removed 23 stack frames]]>
    </failure>
  </testcase> <!-- @BeforeClass setup -->
  <testcase classname="testBase.BaseClass" name="@AfterClass tearDown" time="0.0">
    <skipped/>
  </testcase> <!-- @AfterClass tearDown -->
  <testcase classname="testCases.TC0001_AccountRegistrationPage" name="verify_account_registration" time="0.002">
    <skipped/>
  </testcase> <!-- verify_account_registration -->
</testsuite> <!-- test -->
