<?xml version="1.0" encoding="UTF-8"?>
<testng-results ignored="0" total="1" passed="1" failed="0" skipped="0">
  <reporter-output>
  </reporter-output>
  <suite started-at="2025-04-03T16:42:53 IST" name="Default suite" finished-at="2025-04-03T16:43:03 IST" duration-ms="10220">
    <groups>
    </groups>
    <test started-at="2025-04-03T16:42:53 IST" name="Default test" finished-at="2025-04-03T16:43:03 IST" duration-ms="10220">
      <class name="testCases.TC0001_AccountRegistrationPage">
        <test-method is-config="true" signature="setup()[pri:0, instance:testCases.TC0001_AccountRegistrationPage@4aa83f4f]" started-at="2025-04-03T16:42:53 IST" name="setup" finished-at="2025-04-03T16:42:56 IST" duration-ms="3642" status="PASS">
          <reporter-output>
          </reporter-output>
        </test-method> <!-- setup -->
        <test-method signature="verify_account_registration()[pri:0, instance:testCases.TC0001_AccountRegistrationPage@4aa83f4f]" started-at="2025-04-03T16:42:56 IST" name="verify_account_registration" finished-at="2025-04-03T16:43:03 IST" duration-ms="6297" status="PASS">
          <reporter-output>
          </reporter-output>
        </test-method> <!-- verify_account_registration -->
        <test-method is-config="true" signature="tearDown()[pri:0, instance:testCases.TC0001_AccountRegistrationPage@4aa83f4f]" started-at="2025-04-03T16:43:03 IST" name="tearDown" finished-at="2025-04-03T16:43:03 IST" duration-ms="215" status="PASS">
          <reporter-output>
          </reporter-output>
        </test-method> <!-- tearDown -->
      </class> <!-- testCases.TC0001_AccountRegistrationPage -->
    </test> <!-- Default test -->
  </suite> <!-- Default suite -->
</testng-results>
